0 info it worked if it ends with ok
1 verbose cli [ 'node',
1 verbose cli   '/home/ubuntu/.nvm/v0.10.35/bin/npm',
1 verbose cli   'install',
1 verbose cli   '--save',
1 verbose cli   'socket.io' ]
2 info using npm@2.13.1
3 info using node@v0.10.35
4 verbose install initial load of /home/ubuntu/workspace/package.json
5 verbose stack Error: Failed to parse json
5 verbose stack Unexpected token 'f' at 15:1
5 verbose stack function one() {
5 verbose stack ^
5 verbose stack     at parseError (/home/ubuntu/.nvm/v0.10.35/lib/node_modules/npm/node_modules/read-package-json/read-json.js:379:11)
5 verbose stack     at parseJson (/home/ubuntu/.nvm/v0.10.35/lib/node_modules/npm/node_modules/read-package-json/read-json.js:68:23)
5 verbose stack     at /home/ubuntu/.nvm/v0.10.35/lib/node_modules/npm/node_modules/read-package-json/read-json.js:48:5
5 verbose stack     at evalmachine.<anonymous>:272:14
5 verbose stack     at /home/ubuntu/.nvm/v0.10.35/lib/node_modules/npm/node_modules/read-package-json/node_modules/graceful-fs/graceful-fs.js:102:5
5 verbose stack     at Object.oncomplete (evalmachine.<anonymous>:108:15)
6 verbose cwd /home/ubuntu/workspace/client
7 error Linux 3.14.13-c9
8 error argv "node" "/home/ubuntu/.nvm/v0.10.35/bin/npm" "install" "--save" "socket.io"
9 error node v0.10.35
10 error npm  v2.13.1
11 error file /home/ubuntu/workspace/package.json
12 error code EJSONPARSE
13 error Failed to parse json
13 error Unexpected token 'f' at 15:1
13 error function one() {
13 error ^
14 error File: /home/ubuntu/workspace/package.json
15 error Failed to parse package.json data.
15 error package.json must be actual JSON, not just JavaScript.
15 error
15 error This is not a bug in npm.
15 error Tell the package author to fix their package.json file. JSON.parse
16 verbose exit [ 1, true ]
